<?xml version="1.0" encoding="UTF-8"?>
<!-- Generated by org.testng.reporters.JUnitXMLReporter -->
<testsuite ignored="0" hostname="DESKTOP-U3UA2VB" failures="1" tests="6" name="AccountPageTest" time="19.382" errors="0" timestamp="27 Feb 2021 12:12:09 GMT">
  <testcase classname="com.qa.opencart.base.AccountPageTest" name="accountPageTitleTest" time="0.019"/>
  <testcase classname="com.qa.opencart.base.AccountPageTest" name="rightSideMenu" time="0.06"/>
  <testcase classname="com.qa.opencart.base.AccountPageTest" name="accountPageUrlTest" time="0.016"/>
  <testcase classname="com.qa.opencart.base.AccountPageTest" name="totalSectionTest" time="0.033"/>
  <testcase classname="com.qa.opencart.base.AccountPageTest" name="accountPageLogoTest" time="0.095"/>
  <testcase classname="com.qa.opencart.base.AccountPageTest" name="accountSectionList" time="0.032">
    <failure type="java.lang.AssertionError" message="Lists differ at element [0]: My Account != [[ChromeDriver: chrome on WINDOWS (b0247c3fa133b0b3d88cebf15de2100a)] -&amp;gt; xpath: //div[@id = &amp;apos;content&amp;apos;]/h2] expected [My Account] but found [[[ChromeDriver: chrome on WINDOWS (b0247c3fa133b0b3d88cebf15de2100a)] -&amp;gt; xpath: //div[@id = &amp;apos;content&amp;apos;]/h2]]">
      <![CDATA[java.lang.AssertionError: Lists differ at element [0]: My Account != [[ChromeDriver: chrome on WINDOWS (b0247c3fa133b0b3d88cebf15de2100a)] -> xpath: //div[@id = 'content']/h2] expected [My Account] but found [[[ChromeDriver: chrome on WINDOWS (b0247c3fa133b0b3d88cebf15de2100a)] -> xpath: //div[@id = 'content']/h2]]
at com.qa.opencart.base.AccountPageTest.accountSectionList(AccountPageTest.java:44)
at java.base/java.util.concurrent.FutureTask.run(FutureTask.java:264)
at java.base/java.util.concurrent.ThreadPoolExecutor.runWorker(ThreadPoolExecutor.java:1128)
at java.base/java.util.concurrent.ThreadPoolExecutor$Worker.run(ThreadPoolExecutor.java:628)
at java.base/java.lang.Thread.run(Thread.java:834)
... Removed 21 stack frames]]>
    </failure>
  </testcase> <!-- accountSectionList -->
</testsuite> <!-- AccountPageTest -->
