<?xml version="1.0" encoding="UTF-8"?>
<!-- Generated by org.testng.reporters.JUnitXMLReporter -->
<testsuite ignored="0" hostname="DESKTOP-U3UA2VB" failures="0" tests="4" name="HomePageTest" time="12.547" errors="0" timestamp="27 Feb 2021 08:26:55 GMT">
  <testcase classname="com.qa.opencart.base.LoginPageTest" name="loginPageTitleTest" time="0.809"/>
  <testcase classname="com.qa.opencart.base.LoginPageTest" name="forgotPasswordlnkTest" time="0.142"/>
  <testcase classname="com.qa.opencart.base.LoginPageTest" name="urlTest" time="0.017"/>
  <testcase classname="com.qa.opencart.base.LoginPageTest" name="doLoginTest" time="3.611"/>
</testsuite> <!-- HomePageTest -->
