<?xml version="1.0" encoding="UTF-8"?>
<!-- Generated by org.testng.reporters.JUnitXMLReporter -->
<testsuite ignored="0" hostname="DESKTOP-U3UA2VB" failures="0" tests="4" name="loginPageTest" time="26.561" errors="0" timestamp="28 Feb 2021 11:45:50 GMT">
  <testcase classname="com.qa.opencart.tests.LoginPageTest" name="loginPageTitleTest" time="0.863"/>
  <testcase classname="com.qa.opencart.tests.LoginPageTest" name="forgotPasswordlnkTest" time="0.962"/>
  <testcase classname="com.qa.opencart.tests.LoginPageTest" name="urlTest" time="0.159"/>
  <testcase classname="com.qa.opencart.tests.LoginPageTest" name="doLoginTest" time="4.005"/>
</testsuite> <!-- loginPageTest -->
